---------------------
2023-08-09 17:58:17.671245

Header Hash: 04481faed01fb927a3cd9bd3d9221d0240569f5f081c43c3e45cd836542b2955
Host: 127.0.0.1:42874
User-Agent: Mozilla/5.0 (X11; Linux x86_64; rv:109.0) Gecko/20100101 Firefox/112.0
Accept: image/avif,image/webp,*/*
Accept-Language: en-US,en;q=0.5
Accept-Encoding: gzip, deflate, br
Dnt: 1
Connection: keep-alive
Referer: https://127.0.0.1:42874/boost
Cookie: p=cTmqUh1nEhaDEgMW8SRy1lCL5utlh5
Sec-Fetch-Dest: image
Sec-Fetch-Mode: no-cors
Sec-Fetch-Site: same-origin

127.0.0.1
Return Code: RETURNED UI ELEMENT
---------------------
2023-08-09 17:58:22.781628

Header Hash: eb4214c91f1f620e53851ba191cb9de6557feb150fba7496657f09822ad875fe
Host: 127.0.0.1:42874
User-Agent: Mozilla/5.0 (X11; Linux x86_64; rv:109.0) Gecko/20100101 Firefox/112.0
Accept: image/avif,image/webp,*/*
Accept-Language: en-US,en;q=0.5
Accept-Encoding: gzip, deflate, br
Dnt: 1
Connection: keep-alive
Referer: https://127.0.0.1:42874/boost
Cookie: p=cTmqUh1nEhaDEgMW8SRy1lCL5utlh5
Sec-Fetch-Dest: image
Sec-Fetch-Mode: no-cors
Sec-Fetch-Site: same-origin
If-Modified-Since: Sun, 04 Jun 2023 16:28:42 GMT
If-None-Match: "1685896122.0751946-77188-3332116952"

127.0.0.1
Return Code: RETURNED UI ELEMENT
---------------------
2023-08-09 17:58:57.536237

Header Hash: eb4214c91f1f620e53851ba191cb9de6557feb150fba7496657f09822ad875fe
Host: 127.0.0.1:42874
User-Agent: Mozilla/5.0 (X11; Linux x86_64; rv:109.0) Gecko/20100101 Firefox/112.0
Accept: image/avif,image/webp,*/*
Accept-Language: en-US,en;q=0.5
Accept-Encoding: gzip, deflate, br
Dnt: 1
Connection: keep-alive
Referer: https://127.0.0.1:42874/boost
Cookie: p=cTmqUh1nEhaDEgMW8SRy1lCL5utlh5
Sec-Fetch-Dest: image
Sec-Fetch-Mode: no-cors
Sec-Fetch-Site: same-origin
If-Modified-Since: Sun, 04 Jun 2023 16:28:42 GMT
If-None-Match: "1685896122.0751946-77188-3332116952"

127.0.0.1
Return Code: RETURNED UI ELEMENT
---------------------
2023-08-09 17:58:57.540055

Header Hash: 3a65cf8a6b497758571dff4b554bae55971564730b1e4cb951b22ed6da7385ba
Host: 127.0.0.1:42874
User-Agent: Mozilla/5.0 (X11; Linux x86_64; rv:109.0) Gecko/20100101 Firefox/112.0
Accept: */*
Accept-Language: en-US,en;q=0.5
Accept-Encoding: gzip, deflate, br
Referer: https://127.0.0.1:42874/boost
Content-Type: text/plain;charset=UTF-8
Content-Length: 2
Origin: https://127.0.0.1:42874
Dnt: 1
Connection: keep-alive
Cookie: p=cTmqUh1nEhaDEgMW8SRy1lCL5utlh5
Sec-Fetch-Dest: empty
Sec-Fetch-Mode: cors
Sec-Fetch-Site: same-origin

127.0.0.1
Return Code: ERROR
---------------------
2023-08-09 17:58:57.543822

Header Hash: 04481faed01fb927a3cd9bd3d9221d0240569f5f081c43c3e45cd836542b2955
Host: 127.0.0.1:42874
User-Agent: Mozilla/5.0 (X11; Linux x86_64; rv:109.0) Gecko/20100101 Firefox/112.0
Accept: image/avif,image/webp,*/*
Accept-Language: en-US,en;q=0.5
Accept-Encoding: gzip, deflate, br
Dnt: 1
Connection: keep-alive
Referer: https://127.0.0.1:42874/boost
Cookie: p=cTmqUh1nEhaDEgMW8SRy1lCL5utlh5
Sec-Fetch-Dest: image
Sec-Fetch-Mode: no-cors
Sec-Fetch-Site: same-origin

127.0.0.1
Return Code: RETURNED UI ELEMENT
---------------------
2023-08-09 17:58:58.805446

Header Hash: 3a65cf8a6b497758571dff4b554bae55971564730b1e4cb951b22ed6da7385ba
Host: 127.0.0.1:42874
User-Agent: Mozilla/5.0 (X11; Linux x86_64; rv:109.0) Gecko/20100101 Firefox/112.0
Accept: */*
Accept-Language: en-US,en;q=0.5
Accept-Encoding: gzip, deflate, br
Referer: https://127.0.0.1:42874/boost
Content-Type: text/plain;charset=UTF-8
Content-Length: 2
Origin: https://127.0.0.1:42874
Dnt: 1
Connection: keep-alive
Cookie: p=cTmqUh1nEhaDEgMW8SRy1lCL5utlh5
Sec-Fetch-Dest: empty
Sec-Fetch-Mode: cors
Sec-Fetch-Site: same-origin

127.0.0.1
Return Code: ERROR
---------------------
2023-08-09 17:58:59.339925

Header Hash: 3a65cf8a6b497758571dff4b554bae55971564730b1e4cb951b22ed6da7385ba
Host: 127.0.0.1:42874
User-Agent: Mozilla/5.0 (X11; Linux x86_64; rv:109.0) Gecko/20100101 Firefox/112.0
Accept: */*
Accept-Language: en-US,en;q=0.5
Accept-Encoding: gzip, deflate, br
Referer: https://127.0.0.1:42874/boost
Content-Type: text/plain;charset=UTF-8
Content-Length: 2
Origin: https://127.0.0.1:42874
Dnt: 1
Connection: keep-alive
Cookie: p=cTmqUh1nEhaDEgMW8SRy1lCL5utlh5
Sec-Fetch-Dest: empty
Sec-Fetch-Mode: cors
Sec-Fetch-Site: same-origin

127.0.0.1
Return Code: ERROR
---------------------
2023-08-09 17:59:00.018604

Header Hash: 3a65cf8a6b497758571dff4b554bae55971564730b1e4cb951b22ed6da7385ba
Host: 127.0.0.1:42874
User-Agent: Mozilla/5.0 (X11; Linux x86_64; rv:109.0) Gecko/20100101 Firefox/112.0
Accept: */*
Accept-Language: en-US,en;q=0.5
Accept-Encoding: gzip, deflate, br
Referer: https://127.0.0.1:42874/boost
Content-Type: text/plain;charset=UTF-8
Content-Length: 2
Origin: https://127.0.0.1:42874
Dnt: 1
Connection: keep-alive
Cookie: p=cTmqUh1nEhaDEgMW8SRy1lCL5utlh5
Sec-Fetch-Dest: empty
Sec-Fetch-Mode: cors
Sec-Fetch-Site: same-origin

127.0.0.1
Return Code: ERROR
---------------------
2023-08-09 17:59:00.536104

Header Hash: 3a65cf8a6b497758571dff4b554bae55971564730b1e4cb951b22ed6da7385ba
Host: 127.0.0.1:42874
User-Agent: Mozilla/5.0 (X11; Linux x86_64; rv:109.0) Gecko/20100101 Firefox/112.0
Accept: */*
Accept-Language: en-US,en;q=0.5
Accept-Encoding: gzip, deflate, br
Referer: https://127.0.0.1:42874/boost
Content-Type: text/plain;charset=UTF-8
Content-Length: 2
Origin: https://127.0.0.1:42874
Dnt: 1
Connection: keep-alive
Cookie: p=cTmqUh1nEhaDEgMW8SRy1lCL5utlh5
Sec-Fetch-Dest: empty
Sec-Fetch-Mode: cors
Sec-Fetch-Site: same-origin

127.0.0.1
Return Code: ERROR
